Determining if the pthread_create exist failed with the following output:
Change Dir: /home/csmajs/mmany001/ass4/CMakeFiles/CMakeTmp

Run Build Command:"/usr/bin/gmake" "cmTC_98d07/fast"
/usr/bin/gmake -f CMakeFiles/cmTC_98d07.dir/build.make CMakeFiles/cmTC_98d07.dir/build
gmake[1]: Entering directory `/home/csmajs/mmany001/ass4/CMakeFiles/CMakeTmp'
Building C object CMakeFiles/cmTC_98d07.dir/CheckSymbolExists.c.o
/usr/bin/cc    -o CMakeFiles/cmTC_98d07.dir/CheckSymbolExists.c.o   -c /home/csmajs/mmany001/ass4/CMakeFiles/CMakeTmp/CheckSymbolExists.c
Linking C executable cmTC_98d07
/usr/bin/cmake3 -E cmake_link_script CMakeFiles/cmTC_98d07.dir/link.txt --verbose=1
/usr/bin/cc      -rdynamic CMakeFiles/cmTC_98d07.dir/CheckSymbolExists.c.o  -o cmTC_98d07 
CMakeFiles/cmTC_98d07.dir/CheckSymbolExists.c.o: In function `main':
CheckSymbolExists.c:(.text+0x16): undefined reference to `pthread_create'
collect2: error: ld returned 1 exit status
gmake[1]: *** [cmTC_98d07] Error 1
gmake[1]: Leaving directory `/home/csmajs/mmany001/ass4/CMakeFiles/CMakeTmp'
gmake: *** [cmTC_98d07/fast] Error 2

File /home/csmajs/mmany001/ass4/CMakeFiles/CMakeTmp/CheckSymbolExists.c:
/* */
#include <pthread.h>

int main(int argc, char** argv)
{
  (void)argv;
#ifndef pthread_create
  return ((int*)(&pthread_create))[argc];
#else
  (void)argc;
  return 0;
#endif
}

Determining if the function pthread_create exists in the pthreads failed with the following output:
Change Dir: /home/csmajs/mmany001/ass4/CMakeFiles/CMakeTmp

Run Build Command:"/usr/bin/gmake" "cmTC_fe76b/fast"
/usr/bin/gmake -f CMakeFiles/cmTC_fe76b.dir/build.make CMakeFiles/cmTC_fe76b.dir/build
gmake[1]: Entering directory `/home/csmajs/mmany001/ass4/CMakeFiles/CMakeTmp'
Building C object CMakeFiles/cmTC_fe76b.dir/CheckFunctionExists.c.o
/usr/bin/cc   -DCHECK_FUNCTION_EXISTS=pthread_create   -o CMakeFiles/cmTC_fe76b.dir/CheckFunctionExists.c.o   -c /usr/share/cmake3/Modules/CheckFunctionExists.c
Linking C executable cmTC_fe76b
/usr/bin/cmake3 -E cmake_link_script CMakeFiles/cmTC_fe76b.dir/link.txt --verbose=1
/usr/bin/cc  -DCHECK_FUNCTION_EXISTS=pthread_create    -rdynamic CMakeFiles/cmTC_fe76b.dir/CheckFunctionExists.c.o  -o cmTC_fe76b -lpthreads 
/usr/bin/ld: cannot find -lpthreads
collect2: error: ld returned 1 exit status
gmake[1]: *** [cmTC_fe76b] Error 1
gmake[1]: Leaving directory `/home/csmajs/mmany001/ass4/CMakeFiles/CMakeTmp'
gmake: *** [cmTC_fe76b/fast] Error 2


